<?xml version="1.0" encoding="UTF-8"?>
<!-- Generated by org.testng.reporters.JUnitXMLReporter -->
<testsuite ignored="0" hostname="LAPTOP-FR304L32" failures="0" tests="3" name="Default test" time="7.747" errors="0" timestamp="2023-12-19T21:44:58 IST">
  <testcase classname="test.FaceBookLoginTest" name="LoginWithInvalidUserNameAndValidPassward" time="0.303"/>
  <testcase classname="test.FaceBookLoginTest" name="LoginWithValidUserNameAndInvalidPassward" time="0.251"/>
  <testcase classname="test.FaceBookLoginTest" name="LoginWithValidUserNameAndPassward" time="0.217"/>
</testsuite> <!-- Default test -->
